<?xml version="1.0" encoding="UTF-8"?>
<!-- Generated by org.testng.reporters.JUnitXMLReporter -->
<testsuite hostname="Rakshitas-MacBook-Pro.local" name="Default test" tests="4" failures="0" timestamp="15 Feb 2016 09:37:59 GMT" time="114.691" errors="0">
  <testcase name="" time="1.187" classname="com.android.qtpselenium.mobileRegressionTestCases.dataTransferChecks"/>
  <testcase name="" time="0.819" classname="com.android.qtpselenium.mobileRegressionTestCases.dataTransferChecks"/>
  <testcase name="" time="6.4" classname="com.android.qtpselenium.mobileRegressionTestCases.dataTransferChecks"/>
  <testcase name="" time="26.314" classname="com.android.qtpselenium.mobileRegressionTestCases.dataTransferChecks"/>
</testsuite> <!-- Default test -->
